<?xml version="1.0" encoding="UTF-8"?>
<testng-results skipped="0" failed="0" ignored="0" total="2" passed="2">
  <reporter-output>
  </reporter-output>
  <suite name="Default suite" duration-ms="33" started-at="2019-06-30T20:03:20Z" finished-at="2019-06-30T20:03:20Z">
    <groups>
    </groups>
    <test name="Default test" duration-ms="33" started-at="2019-06-30T20:03:20Z" finished-at="2019-06-30T20:03:20Z">
      <class name="com.testng.TestNGBasics">
        <test-method status="PASS" signature="start()[pri:0, instance:com.testng.TestNGBasics@4f933fd1]" name="start" is-config="true" duration-ms="9" started-at="2019-06-30T20:03:19Z" finished-at="2019-06-30T20:03:19Z">
          <reporter-output>
          </reporter-output>
        </test-method> <!-- start -->
        <test-method status="PASS" signature="invokeServer()[pri:0, instance:com.testng.TestNGBasics@4f933fd1]" name="invokeServer" is-config="true" duration-ms="0" started-at="2019-06-30T20:03:20Z" finished-at="2019-06-30T20:03:20Z">
          <reporter-output>
          </reporter-output>
        </test-method> <!-- invokeServer -->
        <test-method status="PASS" signature="properties()[pri:0, instance:com.testng.TestNGBasics@4f933fd1]" name="properties" is-config="true" duration-ms="1" started-at="2019-06-30T20:03:20Z" finished-at="2019-06-30T20:03:20Z">
          <reporter-output>
          </reporter-output>
        </test-method> <!-- properties -->
        <test-method status="PASS" signature="testCase()[pri:0, instance:com.testng.TestNGBasics@4f933fd1]" name="testCase" duration-ms="6" started-at="2019-06-30T20:03:20Z" finished-at="2019-06-30T20:03:20Z">
          <reporter-output>
          </reporter-output>
        </test-method> <!-- testCase -->
        <test-method status="PASS" signature="browser()[pri:0, instance:com.testng.TestNGBasics@4f933fd1]" name="browser" is-config="true" duration-ms="0" started-at="2019-06-30T20:03:20Z" finished-at="2019-06-30T20:03:20Z">
          <reporter-output>
          </reporter-output>
        </test-method> <!-- browser -->
        <test-method status="PASS" signature="CloseBrowser()[pri:0, instance:com.testng.TestNGBasics@4f933fd1]" name="CloseBrowser" is-config="true" duration-ms="1" started-at="2019-06-30T20:03:20Z" finished-at="2019-06-30T20:03:20Z">
          <reporter-output>
          </reporter-output>
        </test-method> <!-- CloseBrowser -->
        <test-method status="PASS" signature="testCase2()[pri:0, instance:com.testng.TestNGBasics@4f933fd1]" name="testCase2" duration-ms="2" started-at="2019-06-30T20:03:20Z" finished-at="2019-06-30T20:03:20Z">
          <reporter-output>
          </reporter-output>
        </test-method> <!-- testCase2 -->
        <test-method status="PASS" signature="browser()[pri:0, instance:com.testng.TestNGBasics@4f933fd1]" name="browser" is-config="true" duration-ms="0" started-at="2019-06-30T20:03:20Z" finished-at="2019-06-30T20:03:20Z">
          <reporter-output>
          </reporter-output>
        </test-method> <!-- browser -->
        <test-method status="PASS" signature="CloseBrowser()[pri:0, instance:com.testng.TestNGBasics@4f933fd1]" name="CloseBrowser" is-config="true" duration-ms="1" started-at="2019-06-30T20:03:20Z" finished-at="2019-06-30T20:03:20Z">
          <reporter-output>
          </reporter-output>
        </test-method> <!-- CloseBrowser -->
        <test-method status="PASS" signature="DeleteCookies()[pri:0, instance:com.testng.TestNGBasics@4f933fd1]" name="DeleteCookies" is-config="true" duration-ms="0" started-at="2019-06-30T20:03:20Z" finished-at="2019-06-30T20:03:20Z">
          <reporter-output>
          </reporter-output>
        </test-method> <!-- DeleteCookies -->
        <test-method status="PASS" signature="terminateExection()[pri:0, instance:com.testng.TestNGBasics@4f933fd1]" name="terminateExection" is-config="true" duration-ms="1" started-at="2019-06-30T20:03:20Z" finished-at="2019-06-30T20:03:20Z">
          <reporter-output>
          </reporter-output>
        </test-method> <!-- terminateExection -->
      </class> <!-- com.testng.TestNGBasics -->
    </test> <!-- Default test -->
  </suite> <!-- Default suite -->
</testng-results>
